<?xml version="1.0" encoding="UTF-8"?>
<!-- Generated by org.testng.reporters.JUnitXMLReporter -->
<testsuite ignored="0" hostname="DESKTOP-C3U31TA" failures="0" tests="4" name="Test" time="50.818" errors="0" timestamp="2024-06-15T19:51:12 IST">
  <testcase classname="runner.FacebookLogin" name="browserLaunch" time="42.951"/>
  <testcase classname="runner.FacebookLogin" name="login" time="5.014"/>
  <testcase classname="runner.FacebookLogin" name="login" time="1.09"/>
  <testcase classname="runner.FacebookLogin" name="quit" time="1.48"/>
</testsuite> <!-- Test -->
