<?xml version="1.0" encoding="UTF-8"?>
<testng-results ignored="0" total="2" passed="2" failed="0" skipped="0">
  <reporter-output>
  </reporter-output>
  <suite started-at="2024-06-17T19:53:53 IST" name="Default suite" finished-at="2024-06-17T19:54:36 IST" duration-ms="42185">
    <groups>
    </groups>
    <test started-at="2024-06-17T19:53:53 IST" name="Default test" finished-at="2024-06-17T19:54:36 IST" duration-ms="42185">
      <class name="runner.Letcodelogin">
        <test-method is-config="true" signature="launchBrowser()[pri:0, instance:runner.Letcodelogin@1ed6388a]" started-at="2024-06-17T19:53:54 IST" name="launchBrowser" finished-at="2024-06-17T19:54:23 IST" duration-ms="29901" status="PASS">
          <reporter-output>
          </reporter-output>
        </test-method> <!-- launchBrowser -->
        <test-method signature="letLogin(java.lang.String,java.lang.String)[pri:0, instance:runner.Letcodelogin@1ed6388a]" started-at="2024-06-17T19:54:24 IST" name="letLogin" data-provider="data connecter" finished-at="2024-06-17T19:54:31 IST" duration-ms="7210" status="PASS">
          <params>
            <param index="0">
              <value>
                <![CDATA[sivapriyaravi28@gmail.com]]>
              </value>
            </param>
            <param index="1">
              <value>
                <![CDATA[Priyaravi23]]>
              </value>
            </param>
          </params>
          <reporter-output>
          </reporter-output>
        </test-method> <!-- letLogin -->
        <test-method signature="letLogin(java.lang.String,java.lang.String)[pri:0, instance:runner.Letcodelogin@1ed6388a]" started-at="2024-06-17T19:54:31 IST" name="letLogin" data-provider="data connecter" finished-at="2024-06-17T19:54:34 IST" duration-ms="3008" status="PASS">
          <params>
            <param index="0">
              <value>
                <![CDATA[priyaravi23@gmail.com]]>
              </value>
            </param>
            <param index="1">
              <value>
                <![CDATA[pk@23]]>
              </value>
            </param>
          </params>
          <reporter-output>
          </reporter-output>
        </test-method> <!-- letLogin -->
        <test-method is-config="true" signature="browserQuit()[pri:0, instance:runner.Letcodelogin@1ed6388a]" started-at="2024-06-17T19:54:34 IST" name="browserQuit" finished-at="2024-06-17T19:54:36 IST" duration-ms="1760" status="PASS">
          <reporter-output>
          </reporter-output>
        </test-method> <!-- browserQuit -->
      </class> <!-- runner.Letcodelogin -->
    </test> <!-- Default test -->
  </suite> <!-- Default suite -->
</testng-results>
